<?xml version="1.0" encoding="UTF-8"?>
<coverage generated="1757621277367" clover="3.2.0">
  <project timestamp="1757621277367" name="All files">
    <metrics statements="53" coveredstatements="47" conditionals="5" coveredconditionals="4" methods="8" coveredmethods="7" elements="66" coveredelements="58" complexity="0" loc="53" ncloc="53" packages="3" files="3" classes="3"/>
    <package name="controllers">
      <metrics statements="29" coveredstatements="25" conditionals="1" coveredconditionals="1" methods="5" coveredmethods="5"/>
      <file name="taskControllers.js" path="C:\Users\moh_m\Desktop\Qwen Projects\taskflow-api\src\controllers\taskControllers.js">
        <metrics statements="29" coveredstatements="25" conditionals="1" coveredconditionals="1" methods="5" coveredmethods="5"/>
        <line num="3" count="1" type="stmt"/>
        <line num="6" count="1" type="stmt"/>
        <line num="7" count="1" type="stmt"/>
        <line num="8" count="1" type="stmt"/>
        <line num="9" count="1" type="stmt"/>
        <line num="15" count="0" type="stmt"/>
        <line num="24" count="1" type="stmt"/>
        <line num="25" count="2" type="stmt"/>
        <line num="27" count="2" type="stmt"/>
        <line num="29" count="0" type="stmt"/>
        <line num="35" count="2" type="stmt"/>
        <line num="44" count="1" type="stmt"/>
        <line num="45" count="2" type="stmt"/>
        <line num="46" count="2" type="cond" truecount="1" falsecount="0"/>
        <line num="48" count="2" type="stmt"/>
        <line num="53" count="2" type="stmt"/>
        <line num="55" count="1" type="stmt"/>
        <line num="61" count="1" type="stmt"/>
        <line num="70" count="1" type="stmt"/>
        <line num="71" count="1" type="stmt"/>
        <line num="72" count="1" type="stmt"/>
        <line num="78" count="0" type="stmt"/>
        <line num="84" count="1" type="stmt"/>
        <line num="92" count="1" type="stmt"/>
        <line num="93" count="1" type="stmt"/>
        <line num="95" count="1" type="stmt"/>
        <line num="98" count="0" type="stmt"/>
        <line num="104" count="1" type="stmt"/>
        <line num="114" count="1" type="stmt"/>
      </file>
    </package>
    <package name="middleware">
      <metrics statements="14" coveredstatements="12" conditionals="4" coveredconditionals="3" methods="3" coveredmethods="2"/>
      <file name="validateTask.js" path="C:\Users\moh_m\Desktop\Qwen Projects\taskflow-api\src\middleware\validateTask.js">
        <metrics statements="14" coveredstatements="12" conditionals="4" coveredconditionals="3" methods="3" coveredmethods="2"/>
        <line num="3" count="1" type="stmt"/>
        <line num="6" count="1" type="stmt"/>
        <line num="27" count="1" type="stmt"/>
        <line num="29" count="4" type="cond" truecount="2" falsecount="0"/>
        <line num="30" count="1" type="stmt"/>
        <line num="32" count="3" type="stmt"/>
        <line num="51" count="1" type="stmt"/>
        <line num="52" count="6" type="stmt"/>
        <line num="53" count="6" type="cond" truecount="1" falsecount="1"/>
        <line num="54" count="0" type="stmt"/>
        <line num="57" count="0" type="stmt"/>
        <line num="63" count="6" type="stmt"/>
        <line num="67" count="1" type="stmt"/>
        <line num="69" count="1" type="stmt"/>
      </file>
    </package>
    <package name="routes">
      <metrics statements="10" coveredstatements="10" conditionals="0" coveredconditionals="0" methods="0" coveredmethods="0"/>
      <file name="taskRoutes.js" path="C:\Users\moh_m\Desktop\Qwen Projects\taskflow-api\src\routes\taskRoutes.js">
        <metrics statements="10" coveredstatements="10" conditionals="0" coveredconditionals="0" methods="0" coveredmethods="0"/>
        <line num="3" count="1" type="stmt"/>
        <line num="4" count="1" type="stmt"/>
        <line num="10" count="1" type="stmt"/>
        <line num="18" count="1" type="stmt"/>
        <line num="21" count="1" type="stmt"/>
        <line num="24" count="1" type="stmt"/>
        <line num="27" count="1" type="stmt"/>
        <line num="30" count="1" type="stmt"/>
        <line num="33" count="1" type="stmt"/>
        <line num="40" count="1" type="stmt"/>
      </file>
    </package>
  </project>
</coverage>
