{"C:\\Users\\moh_m\\Desktop\\Qwen Projects\\taskflow-api\\src\\controllers\\taskControllers.js": {"path":"C:\\Users\\moh_m\\Desktop\\Qwen Projects\\taskflow-api\\src\\controllers\\taskControllers.js","statementMap":{"0":{"start":{"line":3,"column":13},"end":{"line":3,"column":43}},"1":{"start":{"line":6,"column":20},"end":{"line":21,"column":1}},"2":{"start":{"line":7,"column":2},"end":{"line":20,"column":3}},"3":{"start":{"line":8,"column":18},"end":{"line":8,"column":59}},"4":{"start":{"line":9,"column":4},"end":{"line":13,"column":7}},"5":{"start":{"line":15,"column":4},"end":{"line":19,"column":7}},"6":{"start":{"line":24,"column":20},"end":{"line":41,"column":1}},"7":{"start":{"line":25,"column":2},"end":{"line":40,"column":3}},"8":{"start":{"line":27,"column":17},"end":{"line":27,"column":40}},"9":{"start":{"line":29,"column":4},"end":{"line":32,"column":7}},"10":{"start":{"line":35,"column":4},"end":{"line":39,"column":7}},"11":{"start":{"line":44,"column":19},"end":{"line":67,"column":1}},"12":{"start":{"line":45,"column":2},"end":{"line":66,"column":3}},"13":{"start":{"line":46,"column":40},"end":{"line":46,"column":48}},"14":{"start":{"line":48,"column":17},"end":{"line":51,"column":6}},"15":{"start":{"line":53,"column":20},"end":{"line":53,"column":37}},"16":{"start":{"line":55,"column":4},"end":{"line":59,"column":7}},"17":{"start":{"line":61,"column":4},"end":{"line":65,"column":7}},"18":{"start":{"line":70,"column":19},"end":{"line":90,"column":1}},"19":{"start":{"line":71,"column":2},"end":{"line":89,"column":3}},"20":{"start":{"line":72,"column":24},"end":{"line":76,"column":5}},"21":{"start":{"line":78,"column":4},"end":{"line":82,"column":7}},"22":{"start":{"line":84,"column":4},"end":{"line":88,"column":7}},"23":{"start":{"line":92,"column":19},"end":{"line":110,"column":1}},"24":{"start":{"line":93,"column":2},"end":{"line":109,"column":3}},"25":{"start":{"line":95,"column":23},"end":{"line":95,"column":55}},"26":{"start":{"line":98,"column":4},"end":{"line":102,"column":7}},"27":{"start":{"line":104,"column":4},"end":{"line":108,"column":7}},"28":{"start":{"line":114,"column":0},"end":{"line":120,"column":2}}},"fnMap":{"0":{"name":"(anonymous_0)","decl":{"start":{"line":6,"column":20},"end":{"line":6,"column":21}},"loc":{"start":{"line":6,"column":40},"end":{"line":21,"column":1}},"line":6},"1":{"name":"(anonymous_1)","decl":{"start":{"line":24,"column":20},"end":{"line":24,"column":21}},"loc":{"start":{"line":24,"column":40},"end":{"line":41,"column":1}},"line":24},"2":{"name":"(anonymous_2)","decl":{"start":{"line":44,"column":19},"end":{"line":44,"column":20}},"loc":{"start":{"line":44,"column":39},"end":{"line":67,"column":1}},"line":44},"3":{"name":"(anonymous_3)","decl":{"start":{"line":70,"column":19},"end":{"line":70,"column":20}},"loc":{"start":{"line":70,"column":39},"end":{"line":90,"column":1}},"line":70},"4":{"name":"(anonymous_4)","decl":{"start":{"line":92,"column":19},"end":{"line":92,"column":20}},"loc":{"start":{"line":92,"column":39},"end":{"line":110,"column":1}},"line":92}},"branchMap":{"0":{"loc":{"start":{"line":46,"column":19},"end":{"line":46,"column":35}},"type":"default-arg","locations":[{"start":{"line":46,"column":33},"end":{"line":46,"column":35}}],"line":46}},"s":{"0":1,"1":1,"2":1,"3":1,"4":1,"5":0,"6":1,"7":2,"8":2,"9":0,"10":2,"11":1,"12":2,"13":2,"14":2,"15":2,"16":1,"17":1,"18":1,"19":1,"20":1,"21":0,"22":1,"23":1,"24":1,"25":1,"26":0,"27":1,"28":1},"f":{"0":1,"1":2,"2":2,"3":1,"4":1},"b":{"0":[1]},"_coverageSchema":"1a1c01bbd47fc00a2c39e90264f33305004495a9","hash":"ac9a4a9c9d3e8b36997102347bc23ffd7634873d"}
,"C:\\Users\\moh_m\\Desktop\\Qwen Projects\\taskflow-api\\src\\middleware\\validateTask.js": {"path":"C:\\Users\\moh_m\\Desktop\\Qwen Projects\\taskflow-api\\src\\middleware\\validateTask.js","statementMap":{"0":{"start":{"line":3,"column":42},"end":{"line":3,"column":70}},"1":{"start":{"line":6,"column":27},"end":{"line":24,"column":1}},"2":{"start":{"line":27,"column":27},"end":{"line":48,"column":1}},"3":{"start":{"line":29,"column":4},"end":{"line":31,"column":5}},"4":{"start":{"line":30,"column":6},"end":{"line":30,"column":48}},"5":{"start":{"line":32,"column":4},"end":{"line":32,"column":16}},"6":{"start":{"line":51,"column":31},"end":{"line":64,"column":1}},"7":{"start":{"line":52,"column":17},"end":{"line":52,"column":38}},"8":{"start":{"line":53,"column":2},"end":{"line":62,"column":3}},"9":{"start":{"line":54,"column":4},"end":{"line":61,"column":7}},"10":{"start":{"line":57,"column":43},"end":{"line":60,"column":7}},"11":{"start":{"line":63,"column":2},"end":{"line":63,"column":9}},"12":{"start":{"line":67,"column":17},"end":{"line":67,"column":36}},"13":{"start":{"line":69,"column":0},"end":{"line":73,"column":2}}},"fnMap":{"0":{"name":"(anonymous_0)","decl":{"start":{"line":28,"column":21},"end":{"line":28,"column":22}},"loc":{"start":{"line":28,"column":32},"end":{"line":33,"column":3}},"line":28},"1":{"name":"(anonymous_1)","decl":{"start":{"line":51,"column":31},"end":{"line":51,"column":32}},"loc":{"start":{"line":51,"column":51},"end":{"line":64,"column":1}},"line":51},"2":{"name":"(anonymous_2)","decl":{"start":{"line":57,"column":33},"end":{"line":57,"column":34}},"loc":{"start":{"line":57,"column":43},"end":{"line":60,"column":7}},"line":57}},"branchMap":{"0":{"loc":{"start":{"line":29,"column":4},"end":{"line":31,"column":5}},"type":"if","locations":[{"start":{"line":29,"column":4},"end":{"line":31,"column":5}},{"start":{},"end":{}}],"line":29},"1":{"loc":{"start":{"line":53,"column":2},"end":{"line":62,"column":3}},"type":"if","locations":[{"start":{"line":53,"column":2},"end":{"line":62,"column":3}},{"start":{},"end":{}}],"line":53}},"s":{"0":1,"1":1,"2":1,"3":4,"4":1,"5":3,"6":1,"7":6,"8":6,"9":0,"10":0,"11":6,"12":1,"13":1},"f":{"0":4,"1":6,"2":0},"b":{"0":[1,3],"1":[0,6]},"_coverageSchema":"1a1c01bbd47fc00a2c39e90264f33305004495a9","hash":"329631cbf8c08330c8851171cdc3f590a0505ba0"}
,"C:\\Users\\moh_m\\Desktop\\Qwen Projects\\taskflow-api\\src\\routes\\taskRoutes.js": {"path":"C:\\Users\\moh_m\\Desktop\\Qwen Projects\\taskflow-api\\src\\routes\\taskRoutes.js","statementMap":{"0":{"start":{"line":3,"column":16},"end":{"line":3,"column":34}},"1":{"start":{"line":4,"column":15},"end":{"line":4,"column":31}},"2":{"start":{"line":10,"column":4},"end":{"line":10,"column":41}},"3":{"start":{"line":18,"column":4},"end":{"line":18,"column":45}},"4":{"start":{"line":21,"column":0},"end":{"line":21,"column":29}},"5":{"start":{"line":24,"column":0},"end":{"line":24,"column":79}},"6":{"start":{"line":27,"column":0},"end":{"line":27,"column":73}},"7":{"start":{"line":30,"column":0},"end":{"line":30,"column":75}},"8":{"start":{"line":33,"column":0},"end":{"line":38,"column":2}},"9":{"start":{"line":40,"column":0},"end":{"line":40,"column":24}}},"fnMap":{},"branchMap":{},"s":{"0":1,"1":1,"2":1,"3":1,"4":1,"5":1,"6":1,"7":1,"8":1,"9":1},"f":{},"b":{},"_coverageSchema":"1a1c01bbd47fc00a2c39e90264f33305004495a9","hash":"464fae94e16cf97b9649036b03c3843d291cac16"}
}
