TN:
SF:src\controllers\taskControllers.js
FN:6,(anonymous_0)
FN:24,(anonymous_1)
FN:44,(anonymous_2)
FN:70,(anonymous_3)
FN:92,(anonymous_4)
FNF:5
FNH:5
FNDA:1,(anonymous_0)
FNDA:2,(anonymous_1)
FNDA:2,(anonymous_2)
FNDA:1,(anonymous_3)
FNDA:1,(anonymous_4)
DA:3,1
DA:6,1
DA:7,1
DA:8,1
DA:9,1
DA:15,0
DA:24,1
DA:25,2
DA:27,2
DA:29,0
DA:35,2
DA:44,1
DA:45,2
DA:46,2
DA:48,2
DA:53,2
DA:55,1
DA:61,1
DA:70,1
DA:71,1
DA:72,1
DA:78,0
DA:84,1
DA:92,1
DA:93,1
DA:95,1
DA:98,0
DA:104,1
DA:114,1
LF:29
LH:25
BRDA:46,0,0,1
BRF:1
BRH:1
end_of_record
TN:
SF:src\middleware\validateTask.js
FN:28,(anonymous_0)
FN:51,(anonymous_1)
FN:57,(anonymous_2)
FNF:3
FNH:2
FNDA:4,(anonymous_0)
FNDA:6,(anonymous_1)
FNDA:0,(anonymous_2)
DA:3,1
DA:6,1
DA:27,1
DA:29,4
DA:30,1
DA:32,3
DA:51,1
DA:52,6
DA:53,6
DA:54,0
DA:57,0
DA:63,6
DA:67,1
DA:69,1
LF:14
LH:12
BRDA:29,0,0,1
BRDA:29,0,1,3
BRDA:53,1,0,0
BRDA:53,1,1,6
BRF:4
BRH:3
end_of_record
TN:
SF:src\routes\taskRoutes.js
FNF:0
FNH:0
DA:3,1
DA:4,1
DA:10,1
DA:18,1
DA:21,1
DA:24,1
DA:27,1
DA:30,1
DA:33,1
DA:40,1
LF:10
LH:10
BRF:0
BRH:0
end_of_record
